{"target": -59.8154561122809, "params": {"Ks_Xyl_X": 7.4413016646762165, "kP": 2.4860555422805133, "kX": 7.481141535937962}, "datetime": {"datetime": "2024-10-29 18:32:33", "elapsed": 35585.038656, "delta": 177.719995}}
{"target": -57.52563666953512, "params": {"Ks_Xyl_X": 8.223114778222872, "kP": 0.24169062758557458, "kX": 6.671346298717923}, "datetime": {"datetime": "2024-10-29 18:35:28", "elapsed": 35759.61901, "delta": 174.580354}}
{"target": -58.330359490011624, "params": {"Ks_Xyl_X": 8.451025205641796, "kP": 1.2077594605029185, "kX": 6.29327851026645}, "datetime": {"datetime": "2024-10-29 18:38:23", "elapsed": 35934.439033, "delta": 174.820023}}
{"target": -59.882762353997194, "params": {"Ks_Xyl_X": 7.465304938474681, "kP": 2.5504230923772555, "kX": 7.459858259536488}, "datetime": {"datetime": "2024-10-29 18:41:17", "elapsed": 36109.221753, "delta": 174.78272}}
{"target": -6621.839934591294, "params": {"Ks_Xyl_X": 0.13884849809636002, "kP": 7.459576400906506, "kX": 0.8686146305840026}, "datetime": {"datetime": "2024-10-29 18:44:10", "elapsed": 36281.453935, "delta": 172.232182}}
{"target": -57.643063630996586, "params": {"Ks_Xyl_X": 8.261948925870415, "kP": 0.14972335687423843, "kX": 6.834041532947277}, "datetime": {"datetime": "2024-10-29 18:47:00", "elapsed": 36451.519319, "delta": 170.065384}}
{"target": -58.039654967241574, "params": {"Ks_Xyl_X": 8.529307299050618, "kP": 0.7015052116720865, "kX": 6.42052405325229}, "datetime": {"datetime": "2024-10-29 18:49:58", "elapsed": 36629.986701, "delta": 178.467382}}
{"target": -977.687971928252, "params": {"Ks_Xyl_X": 3.3897680477971557, "kP": 3.157537279253022, "kX": 3.6313799664769553}, "datetime": {"datetime": "2024-10-29 18:52:50", "elapsed": 36801.830268, "delta": 171.843567}}
{"target": -58.88280215080762, "params": {"Ks_Xyl_X": 7.797768161158238, "kP": 1.4365887716327541, "kX": 7.2427445729027475}, "datetime": {"datetime": "2024-10-29 18:55:44", "elapsed": 36975.786119, "delta": 173.955851}}
{"target": -58.36512463837309, "params": {"Ks_Xyl_X": 8.401420202622035, "kP": 0.9566028972902041, "kX": 6.612275317840437}, "datetime": {"datetime": "2024-10-29 18:58:37", "elapsed": 37148.528381, "delta": 172.742262}}
{"target": -58.41463893231528, "params": {"Ks_Xyl_X": 8.486396561200456, "kP": 0.9517084015403909, "kX": 6.57881611067534}, "datetime": {"datetime": "2024-10-29 19:01:31", "elapsed": 37322.592692, "delta": 174.064311}}
{"target": -57.628137377024714, "params": {"Ks_Xyl_X": 8.701989419047035, "kP": 0.5316156281943896, "kX": 5.778012512692088}, "datetime": {"datetime": "2024-10-29 19:04:25", "elapsed": 37496.989234, "delta": 174.396542}}
{"target": -3422.579418716451, "params": {"Ks_Xyl_X": 3.282953288859536, "kP": 4.180515125437362, "kX": 0.7114298021074383}, "datetime": {"datetime": "2024-10-29 19:07:19", "elapsed": 37671.160719, "delta": 174.171485}}
{"target": -2426.4840011742635, "params": {"Ks_Xyl_X": 1.281848153420011, "kP": 0.3598589357250248, "kX": 3.3144339072389473}, "datetime": {"datetime": "2024-10-29 19:10:27", "elapsed": 37859.242292, "delta": 188.081573}}
{"target": -59.85348360910053, "params": {"Ks_Xyl_X": 7.503537205909884, "kP": 2.503564379315437, "kX": 7.438694708347107}, "datetime": {"datetime": "2024-10-29 19:13:22", "elapsed": 38033.566177, "delta": 174.323885}}
{"target": -58.08929456189392, "params": {"Ks_Xyl_X": 8.550016611970584, "kP": 0.21659725927755002, "kX": 5.824684537400161}, "datetime": {"datetime": "2024-10-29 19:16:22", "elapsed": 38213.427944, "delta": 179.861767}}
{"target": -57.574749792884866, "params": {"Ks_Xyl_X": 8.418414577518408, "kP": 0.5701554057909253, "kX": 6.21628657265298}, "datetime": {"datetime": "2024-10-29 19:19:18", "elapsed": 38389.958995, "delta": 176.531051}}
{"target": -160.95946960217532, "params": {"Ks_Xyl_X": 9.662908205628645, "kP": 5.605465966729878, "kX": 2.3044622781165214}, "datetime": {"datetime": "2024-10-29 19:22:16", "elapsed": 38567.777752, "delta": 177.818757}}
{"target": -58.81019118286204, "params": {"Ks_Xyl_X": 8.572329218570012, "kP": 1.5102591653022523, "kX": 6.339080154464308}, "datetime": {"datetime": "2024-10-29 19:25:10", "elapsed": 38741.786157, "delta": 174.008405}}
{"target": -59.83425968744751, "params": {"Ks_Xyl_X": 7.454269257207105, "kP": 2.514026297331312, "kX": 7.459426414605935}, "datetime": {"datetime": "2024-10-29 19:28:06", "elapsed": 38917.362881, "delta": 175.576724}}
{"target": -58.52974305599362, "params": {"Ks_Xyl_X": 8.471027053207363, "kP": 1.3994891222930028, "kX": 6.278734233643691}, "datetime": {"datetime": "2024-10-29 19:32:15", "elapsed": 39166.321128, "delta": 248.958247}}
{"target": -63.95909727459292, "params": {"Ks_Xyl_X": 9.751288031650107, "kP": 4.717322553592332, "kX": 6.991499421364157}, "datetime": {"datetime": "2024-10-29 19:35:57", "elapsed": 39388.960744, "delta": 222.639616}}
{"target": -58.475132839641084, "params": {"Ks_Xyl_X": 8.396649352344873, "kP": 1.403031077407022, "kX": 6.298435410982312}, "datetime": {"datetime": "2024-10-29 19:38:50", "elapsed": 39561.400335, "delta": 172.439591}}
