{"target": -2175.353872554769, "params": {"Ks_Xyl_X": 2.5, "kP": 2.5, "kX": 2.5}, "datetime": {"datetime": "2024-10-29 08:39:28", "elapsed": 0.0, "delta": 0.0}}
{"target": -964.6864005873136, "params": {"Ks_Xyl_X": 5.0, "kP": 2.5, "kX": 2.5}, "datetime": {"datetime": "2024-10-29 08:42:17", "elapsed": 169.188823, "delta": 169.188823}}
{"target": -395.7128362387223, "params": {"Ks_Xyl_X": 7.5, "kP": 2.5, "kX": 2.5}, "datetime": {"datetime": "2024-10-29 08:45:06", "elapsed": 338.195117, "delta": 169.006294}}
{"target": -2017.0672662290117, "params": {"Ks_Xyl_X": 2.5, "kP": 5.0, "kX": 2.5}, "datetime": {"datetime": "2024-10-29 08:47:53", "elapsed": 505.0493, "delta": 166.854183}}
{"target": -894.0330162971385, "params": {"Ks_Xyl_X": 5.0, "kP": 5.0, "kX": 2.5}, "datetime": {"datetime": "2024-10-29 08:50:43", "elapsed": 675.024401, "delta": 169.975101}}
{"target": -362.36244536255, "params": {"Ks_Xyl_X": 7.5, "kP": 5.0, "kX": 2.5}, "datetime": {"datetime": "2024-10-29 08:53:33", "elapsed": 844.529262, "delta": 169.504861}}
{"target": -1881.455812006132, "params": {"Ks_Xyl_X": 2.5, "kP": 7.5, "kX": 2.5}, "datetime": {"datetime": "2024-10-29 08:56:21", "elapsed": 1012.909129, "delta": 168.379867}}
{"target": -837.3266429186147, "params": {"Ks_Xyl_X": 5.0, "kP": 7.5, "kX": 2.5}, "datetime": {"datetime": "2024-10-29 08:59:09", "elapsed": 1180.95774, "delta": 168.048611}}
{"target": -339.8097912092582, "params": {"Ks_Xyl_X": 7.5, "kP": 7.5, "kX": 2.5}, "datetime": {"datetime": "2024-10-29 09:01:58", "elapsed": 1349.951725, "delta": 168.993985}}
{"target": -757.2237374534568, "params": {"Ks_Xyl_X": 2.5, "kP": 2.5, "kX": 5.0}, "datetime": {"datetime": "2024-10-29 09:04:43", "elapsed": 1515.03005, "delta": 165.078325}}
{"target": -308.0799212905542, "params": {"Ks_Xyl_X": 5.0, "kP": 2.5, "kX": 5.0}, "datetime": {"datetime": "2024-10-29 09:07:39", "elapsed": 1690.994225, "delta": 175.964175}}
{"target": -115.17823011841959, "params": {"Ks_Xyl_X": 7.5, "kP": 2.5, "kX": 5.0}, "datetime": {"datetime": "2024-10-29 09:10:27", "elapsed": 1859.102541, "delta": 168.108316}}
{"target": -711.6801119220829, "params": {"Ks_Xyl_X": 2.5, "kP": 5.0, "kX": 5.0}, "datetime": {"datetime": "2024-10-29 09:13:16", "elapsed": 2027.915011, "delta": 168.81247}}
{"target": -291.6074725091862, "params": {"Ks_Xyl_X": 5.0, "kP": 5.0, "kX": 5.0}, "datetime": {"datetime": "2024-10-29 09:16:09", "elapsed": 2201.187159, "delta": 173.272148}}
{"target": -111.8415122396817, "params": {"Ks_Xyl_X": 7.5, "kP": 5.0, "kX": 5.0}, "datetime": {"datetime": "2024-10-29 09:18:58", "elapsed": 2369.999865, "delta": 168.812706}}
{"target": -676.6017643672207, "params": {"Ks_Xyl_X": 2.5, "kP": 7.5, "kX": 5.0}, "datetime": {"datetime": "2024-10-29 09:21:49", "elapsed": 2540.296207, "delta": 170.296342}}
{"target": -279.2176866070223, "params": {"Ks_Xyl_X": 5.0, "kP": 7.5, "kX": 5.0}, "datetime": {"datetime": "2024-10-29 09:24:35", "elapsed": 2706.605053, "delta": 166.308846}}
{"target": -108.67264479484648, "params": {"Ks_Xyl_X": 7.5, "kP": 7.5, "kX": 5.0}, "datetime": {"datetime": "2024-10-29 09:27:22", "elapsed": 2873.616416, "delta": 167.011363}}
{"target": -254.730799377418, "params": {"Ks_Xyl_X": 2.5, "kP": 2.5, "kX": 7.5}, "datetime": {"datetime": "2024-10-29 09:30:13", "elapsed": 3044.346147, "delta": 170.729731}}
{"target": -97.35310916259334, "params": {"Ks_Xyl_X": 5.0, "kP": 2.5, "kX": 7.5}, "datetime": {"datetime": "2024-10-29 09:33:02", "elapsed": 3213.757528, "delta": 169.411381}}
{"target": -59.91111890664199, "params": {"Ks_Xyl_X": 7.5, "kP": 2.5, "kX": 7.5}, "datetime": {"datetime": "2024-10-29 09:35:52", "elapsed": 3383.71084, "delta": 169.953312}}
{"target": -246.48782387722792, "params": {"Ks_Xyl_X": 2.5, "kP": 5.0, "kX": 7.5}, "datetime": {"datetime": "2024-10-29 09:38:41", "elapsed": 3552.750963, "delta": 169.040123}}
{"target": -95.69409193893294, "params": {"Ks_Xyl_X": 5.0, "kP": 5.0, "kX": 7.5}, "datetime": {"datetime": "2024-10-29 09:41:31", "elapsed": 3722.962492, "delta": 170.211529}}
{"target": -62.42076802085196, "params": {"Ks_Xyl_X": 7.5, "kP": 5.0, "kX": 7.5}, "datetime": {"datetime": "2024-10-29 09:44:20", "elapsed": 3892.081616, "delta": 169.119124}}
{"target": -238.82742668225737, "params": {"Ks_Xyl_X": 2.5, "kP": 7.5, "kX": 7.5}, "datetime": {"datetime": "2024-10-29 09:47:09", "elapsed": 4061.195239, "delta": 169.113623}}
{"target": -94.98740003247188, "params": {"Ks_Xyl_X": 5.0, "kP": 7.5, "kX": 7.5}, "datetime": {"datetime": "2024-10-29 09:50:00", "elapsed": 4231.302499, "delta": 170.10726}}
{"target": -64.93004866628944, "params": {"Ks_Xyl_X": 7.5, "kP": 7.5, "kX": 7.5}, "datetime": {"datetime": "2024-10-29 09:52:50", "elapsed": 4401.922414, "delta": 170.619915}}
{"target": -76.72380675605416, "params": {"Ks_Xyl_X": 6.691122982219329, "kP": 3.294129222673738, "kX": 6.631858258791421}, "datetime": {"datetime": "2024-10-29 09:55:42", "elapsed": 4573.600742, "delta": 171.678328}}
{"target": -75.02949421891813, "params": {"Ks_Xyl_X": 6.748254864419118, "kP": 6.619421514538219, "kX": 6.692552606821574}, "datetime": {"datetime": "2024-10-29 09:58:31", "elapsed": 4743.22473, "delta": 169.623988}}
{"target": -60.43826763567182, "params": {"Ks_Xyl_X": 7.527413672774798, "kP": 3.173320311263246, "kX": 7.332457946174186}, "datetime": {"datetime": "2024-10-29 10:01:23", "elapsed": 4914.344118, "delta": 171.119388}}
{"target": -63.938452393169435, "params": {"Ks_Xyl_X": 7.521131682913404, "kP": 6.525914739178351, "kX": 7.466332898784262}, "datetime": {"datetime": "2024-10-29 10:04:15", "elapsed": 5086.625296, "delta": 172.281178}}
{"target": -59.48591328832452, "params": {"Ks_Xyl_X": 7.150961138433542, "kP": 2.612018764906181, "kX": 7.337550536544132}, "datetime": {"datetime": "2024-10-29 10:07:08", "elapsed": 5259.638632, "delta": 173.013336}}
{"target": -59.70022476459638, "params": {"Ks_Xyl_X": 7.414321201167443, "kP": 2.633037534289822, "kX": 7.2592023068970235}, "datetime": {"datetime": "2024-10-29 10:10:02", "elapsed": 5433.709009, "delta": 174.070377}}
{"target": -60.158480450770845, "params": {"Ks_Xyl_X": 7.31976254314378, "kP": 2.858158155211919, "kX": 7.572208103312356}, "datetime": {"datetime": "2024-10-29 10:12:54", "elapsed": 5605.278712, "delta": 171.569703}}
{"target": -64.10445253629851, "params": {"Ks_Xyl_X": 7.30545024405657, "kP": 7.315552170319596, "kX": 7.087290852739281}, "datetime": {"datetime": "2024-10-29 10:15:44", "elapsed": 5775.717672, "delta": 170.43896}}
{"target": -59.60728076715224, "params": {"Ks_Xyl_X": 7.263951134249699, "kP": 2.5032972869873706, "kX": 7.443038788587642}, "datetime": {"datetime": "2024-10-29 10:18:36", "elapsed": 5947.943655, "delta": 172.225983}}
{"target": -60.181066126674686, "params": {"Ks_Xyl_X": 7.518330365581289, "kP": 2.790326004846728, "kX": 7.460862797259208}, "datetime": {"datetime": "2024-10-29 10:21:31", "elapsed": 6122.716008, "delta": 174.772353}}
{"target": -61.00745339698044, "params": {"Ks_Xyl_X": 7.21067611239084, "kP": 3.9170819612761556, "kX": 7.477778509022872}, "datetime": {"datetime": "2024-10-29 10:24:22", "elapsed": 6294.147491, "delta": 171.431483}}
{"target": -61.9042892836185, "params": {"Ks_Xyl_X": 7.7624869910815795, "kP": 4.559494123368782, "kX": 7.170200781950465}, "datetime": {"datetime": "2024-10-29 10:27:21", "elapsed": 6473.202873, "delta": 179.055382}}
{"target": -59.78733894017586, "params": {"Ks_Xyl_X": 7.2203191374394695, "kP": 2.7791359266472737, "kX": 7.394647157579834}, "datetime": {"datetime": "2024-10-29 10:30:16", "elapsed": 6647.363665, "delta": 174.160792}}
{"target": -61.83624265440198, "params": {"Ks_Xyl_X": 7.629221967114229, "kP": 4.1602802304714706, "kX": 7.615627370143609}, "datetime": {"datetime": "2024-10-29 10:33:10", "elapsed": 6821.681096, "delta": 174.317431}}
{"target": -59.2076424295385, "params": {"Ks_Xyl_X": 7.219330517876438, "kP": 2.373925956496721, "kX": 7.233073373680841}, "datetime": {"datetime": "2024-10-29 10:36:01", "elapsed": 6993.15106, "delta": 171.469964}}
{"target": -59.134277297815885, "params": {"Ks_Xyl_X": 7.201109868588819, "kP": 2.325074347608085, "kX": 7.2077257290850065}, "datetime": {"datetime": "2024-10-29 10:38:54", "elapsed": 7165.472283, "delta": 172.321223}}
{"target": -61.35992455269986, "params": {"Ks_Xyl_X": 7.052975338027973, "kP": 2.1741465157467594, "kX": 7.0699146722953135}, "datetime": {"datetime": "2024-10-29 10:41:44", "elapsed": 7335.369635, "delta": 169.897352}}
{"target": -58.872896877951554, "params": {"Ks_Xyl_X": 7.795351305221124, "kP": 1.5122062120742241, "kX": 7.164392102111625}, "datetime": {"datetime": "2024-10-29 10:44:35", "elapsed": 7506.555469, "delta": 171.185834}}
{"target": -63.72287025376989, "params": {"Ks_Xyl_X": 6.904867888514099, "kP": 6.730665138661734, "kX": 7.678135913740388}, "datetime": {"datetime": "2024-10-29 10:47:28", "elapsed": 7679.652426, "delta": 173.096957}}
{"target": -59.039411300294375, "params": {"Ks_Xyl_X": 7.600582189864407, "kP": 1.8068725437565951, "kX": 7.234356206817576}, "datetime": {"datetime": "2024-10-29 10:50:18", "elapsed": 7850.160027, "delta": 170.507601}}
{"target": -59.44347486508844, "params": {"Ks_Xyl_X": 7.313348082782292, "kP": 2.4324402801758462, "kX": 7.307727733966881}, "datetime": {"datetime": "2024-10-29 10:53:12", "elapsed": 8023.804312, "delta": 173.644285}}
{"target": -59.38435224363775, "params": {"Ks_Xyl_X": 7.432581186435358, "kP": 2.17082725401858, "kX": 7.3808805764906795}, "datetime": {"datetime": "2024-10-29 10:56:05", "elapsed": 8197.078717, "delta": 173.274405}}
{"target": -58.96440879478433, "params": {"Ks_Xyl_X": 8.157093416527404, "kP": 1.2330296743284508, "kX": 7.155769239842269}, "datetime": {"datetime": "2024-10-29 10:58:56", "elapsed": 8367.319208, "delta": 170.240491}}
{"target": -59.10700456757266, "params": {"Ks_Xyl_X": 7.994056448330565, "kP": 1.4860935789527532, "kX": 7.213271758638172}, "datetime": {"datetime": "2024-10-29 11:01:47", "elapsed": 8538.253212, "delta": 170.934004}}
{"target": -59.30479491727841, "params": {"Ks_Xyl_X": 7.7145451612466545, "kP": 1.8338777019931507, "kX": 7.344436089662785}, "datetime": {"datetime": "2024-10-29 11:04:43", "elapsed": 8714.370368, "delta": 176.117156}}
{"target": -58.850731200428484, "params": {"Ks_Xyl_X": 8.144401047922972, "kP": 1.0228391586829693, "kX": 7.273910629433269}, "datetime": {"datetime": "2024-10-29 11:08:06", "elapsed": 8917.519705, "delta": 203.149337}}
{"target": -62.19326461456239, "params": {"Ks_Xyl_X": 8.355164635130986, "kP": 2.8958211380032797, "kX": 8.430921390971587}, "datetime": {"datetime": "2024-10-29 11:11:03", "elapsed": 9094.777083, "delta": 177.257378}}
{"target": -59.09663711949586, "params": {"Ks_Xyl_X": 7.754752466732386, "kP": 1.8488202963405564, "kX": 7.096754306465943}, "datetime": {"datetime": "2024-10-29 11:13:56", "elapsed": 9267.717716, "delta": 172.940633}}
{"target": -58.92143340535748, "params": {"Ks_Xyl_X": 7.915095754458158, "kP": 1.4332173922561058, "kX": 7.165734352116618}, "datetime": {"datetime": "2024-10-29 11:16:52", "elapsed": 9443.670982, "delta": 175.953266}}
{"target": -58.984246786556376, "params": {"Ks_Xyl_X": 7.630542119360079, "kP": 1.961538522727272, "kX": 7.006350991521071}, "datetime": {"datetime": "2024-10-29 11:19:42", "elapsed": 9613.979633, "delta": 170.308651}}
{"target": -58.742363226898725, "params": {"Ks_Xyl_X": 7.998829496490863, "kP": 1.2159924307789327, "kX": 7.119829137634401}, "datetime": {"datetime": "2024-10-29 11:22:34", "elapsed": 9786.198504, "delta": 172.218871}}
{"target": -58.947308627395024, "params": {"Ks_Xyl_X": 7.795998927171645, "kP": 1.4543264475085815, "kX": 7.2879354772755125}, "datetime": {"datetime": "2024-10-29 11:25:26", "elapsed": 9957.804749, "delta": 171.606245}}
{"target": -58.806437651032724, "params": {"Ks_Xyl_X": 7.8297959894104885, "kP": 1.3666868305874125, "kX": 7.204333724273915}, "datetime": {"datetime": "2024-10-29 11:28:19", "elapsed": 10130.751824, "delta": 172.947075}}
{"target": -59.098184475983416, "params": {"Ks_Xyl_X": 8.109720711801126, "kP": 1.203373184116192, "kX": 7.357559713343895}, "datetime": {"datetime": "2024-10-29 11:31:11", "elapsed": 10302.87459, "delta": 172.122766}}
{"target": -58.73543463882853, "params": {"Ks_Xyl_X": 7.885988312471439, "kP": 1.2240886119860617, "kX": 7.217709180042053}, "datetime": {"datetime": "2024-10-29 11:34:01", "elapsed": 10472.664391, "delta": 169.789801}}
{"target": -59.20641440828646, "params": {"Ks_Xyl_X": 7.652084925542652, "kP": 1.9756173832849055, "kX": 7.181402595674131}, "datetime": {"datetime": "2024-10-29 11:36:51", "elapsed": 10642.999679, "delta": 170.335288}}
{"target": -62.35310874338215, "params": {"Ks_Xyl_X": 8.928791622954332, "kP": 2.510332415491061, "kX": 8.379616771695002}, "datetime": {"datetime": "2024-10-29 11:39:42", "elapsed": 10814.003872, "delta": 171.004193}}
{"target": -58.8219315110814, "params": {"Ks_Xyl_X": 7.965684763623451, "kP": 1.28275718730939, "kX": 7.164362640176026}, "datetime": {"datetime": "2024-10-29 11:42:36", "elapsed": 10987.977746, "delta": 173.973874}}
{"target": -58.710919066765676, "params": {"Ks_Xyl_X": 8.148008939232833, "kP": 1.1557483951528957, "kX": 6.999034527846732}, "datetime": {"datetime": "2024-10-29 11:45:28", "elapsed": 11159.47757, "delta": 171.499824}}
{"target": -58.4469027316892, "params": {"Ks_Xyl_X": 8.464710363778437, "kP": 1.3666646973158803, "kX": 6.238794114197143}, "datetime": {"datetime": "2024-10-29 11:48:20", "elapsed": 11332.014111, "delta": 172.536541}}
{"target": -58.74078118048748, "params": {"Ks_Xyl_X": 8.548959636848434, "kP": 1.46379573678187, "kX": 6.34062210064357}, "datetime": {"datetime": "2024-10-29 11:51:12", "elapsed": 11503.927331, "delta": 171.91322}}
{"target": -58.75103382301717, "params": {"Ks_Xyl_X": 8.508066859446899, "kP": 1.2939966900985167, "kX": 6.549593207333517}, "datetime": {"datetime": "2024-10-29 11:54:23", "elapsed": 11694.30346, "delta": 190.376129}}
{"target": -58.490138081143044, "params": {"Ks_Xyl_X": 8.249420970519001, "kP": 1.0809652649417167, "kX": 6.760178421821247}, "datetime": {"datetime": "2024-10-29 11:57:59", "elapsed": 11910.387885, "delta": 216.084425}}
{"target": -58.862160622873134, "params": {"Ks_Xyl_X": 8.142845078859489, "kP": 1.9105911745271287, "kX": 6.43365241908385}, "datetime": {"datetime": "2024-10-29 12:00:51", "elapsed": 12083.078338, "delta": 172.690453}}
{"target": -58.36715466529658, "params": {"Ks_Xyl_X": 8.576036264115153, "kP": 1.0304826799099343, "kX": 6.3716877984152065}, "datetime": {"datetime": "2024-10-29 12:03:42", "elapsed": 12254.04843, "delta": 170.970092}}
{"target": -58.397273290143204, "params": {"Ks_Xyl_X": 8.355527866457162, "kP": 1.296664903109721, "kX": 6.366061978044209}, "datetime": {"datetime": "2024-10-29 12:06:31", "elapsed": 12422.991338, "delta": 168.942908}}
{"target": -58.437773778231374, "params": {"Ks_Xyl_X": 8.582784442472793, "kP": 0.9302970322579858, "kX": 6.526161545392842}, "datetime": {"datetime": "2024-10-29 12:09:23", "elapsed": 12594.759891, "delta": 171.768553}}
{"target": -58.54072504775441, "params": {"Ks_Xyl_X": 8.345483120885547, "kP": 1.6202591454580895, "kX": 6.2051488798469325}, "datetime": {"datetime": "2024-10-29 12:12:17", "elapsed": 12768.855198, "delta": 174.095307}}
{"target": -58.65866712665186, "params": {"Ks_Xyl_X": 8.032411212063213, "kP": 1.169324232228376, "kX": 7.051653413652571}, "datetime": {"datetime": "2024-10-29 12:15:29", "elapsed": 12960.710956, "delta": 191.855758}}
{"target": -58.40342605235096, "params": {"Ks_Xyl_X": 8.386034609075464, "kP": 0.9352481354918885, "kX": 6.683446436067148}, "datetime": {"datetime": "2024-10-29 12:18:17", "elapsed": 13128.988517, "delta": 168.277561}}
{"target": -58.54203784191334, "params": {"Ks_Xyl_X": 8.472677296696064, "kP": 1.244567652301587, "kX": 6.436147517844044}, "datetime": {"datetime": "2024-10-29 12:21:10", "elapsed": 13301.648423, "delta": 172.659906}}
{"target": -58.56339461618637, "params": {"Ks_Xyl_X": 8.208647371047146, "kP": 1.5990636244609118, "kX": 6.381901163259547}, "datetime": {"datetime": "2024-10-29 12:24:05", "elapsed": 13476.377257, "delta": 174.728834}}
{"target": -58.02721688736768, "params": {"Ks_Xyl_X": 8.476479559939325, "kP": 0.6830191608989633, "kX": 6.477196649098159}, "datetime": {"datetime": "2024-10-29 12:26:59", "elapsed": 13650.491922, "delta": 174.114665}}
{"target": -57.44999566007723, "params": {"Ks_Xyl_X": 8.507662310002337, "kP": 0.21972620281805688, "kX": 6.342116717984398}, "datetime": {"datetime": "2024-10-29 12:30:11", "elapsed": 13842.27188, "delta": 191.779958}}
{"target": -57.262626393664014, "params": {"Ks_Xyl_X": 8.744966703743714, "kP": 0.1585999716502362, "kX": 5.988918822539938}, "datetime": {"datetime": "2024-10-29 12:33:06", "elapsed": 14018.017775, "delta": 175.745895}}
{"target": -57.14000823440568, "params": {"Ks_Xyl_X": 8.696649034411022, "kP": 0.028201744153109172, "kX": 6.044501161365454}, "datetime": {"datetime": "2024-10-29 12:35:59", "elapsed": 14190.632868, "delta": 172.615093}}
{"target": -57.902882260708424, "params": {"Ks_Xyl_X": 8.548627369179947, "kP": 0.6992518325549857, "kX": 6.274658885775903}, "datetime": {"datetime": "2024-10-29 12:38:50", "elapsed": 14361.575468, "delta": 170.9426}}
{"target": -57.119417050849634, "params": {"Ks_Xyl_X": 8.518971295701572, "kP": 0.08363335274065409, "kX": 6.148241903332794}, "datetime": {"datetime": "2024-10-29 12:41:39", "elapsed": 14530.249613, "delta": 168.674145}}
{"target": -57.26680839178597, "params": {"Ks_Xyl_X": 8.615169040623872, "kP": 0.008622575216269412, "kX": 6.261117414435267}, "datetime": {"datetime": "2024-10-29 12:45:20", "elapsed": 14751.577416, "delta": 221.327803}}
{"target": -60.98975019932245, "params": {"Ks_Xyl_X": 9.71619735531664, "kP": 1.5620548412667383, "kX": 7.212762247292381}, "datetime": {"datetime": "2024-10-29 12:48:11", "elapsed": 14922.624316, "delta": 171.0469}}
{"target": -57.1166043958358, "params": {"Ks_Xyl_X": 8.598054142289195, "kP": 0.19745381717441113, "kX": 5.959435954023414}, "datetime": {"datetime": "2024-10-29 12:51:23", "elapsed": 15114.622321, "delta": 191.998005}}
{"target": -57.352692468267925, "params": {"Ks_Xyl_X": 8.516304517672069, "kP": 0.16580229738820673, "kX": 6.2930853316903566}, "datetime": {"datetime": "2024-10-29 12:54:20", "elapsed": 15291.649119, "delta": 177.026798}}
{"target": -57.71937966723524, "params": {"Ks_Xyl_X": 8.603218625604157, "kP": 0.14383115500016475, "kX": 5.81278569922214}, "datetime": {"datetime": "2024-10-29 12:57:11", "elapsed": 15462.957292, "delta": 171.308173}}
{"target": -58.30198019025907, "params": {"Ks_Xyl_X": 8.447296808391746, "kP": 1.266147232542466, "kX": 6.214585174769109}, "datetime": {"datetime": "2024-10-29 13:00:04", "elapsed": 15636.168072, "delta": 173.21078}}
{"target": -57.32498439613085, "params": {"Ks_Xyl_X": 8.789521513787586, "kP": 0.24190233726741533, "kX": 5.9247928877099705}, "datetime": {"datetime": "2024-10-29 13:02:57", "elapsed": 15808.960657, "delta": 172.792585}}
{"target": -57.09349352854342, "params": {"Ks_Xyl_X": 8.568870843450393, "kP": 0.0, "kX": 6.153782054195122}, "datetime": {"datetime": "2024-10-29 13:05:49", "elapsed": 15980.774241, "delta": 171.813584}}
{"target": -58.2015707193327, "params": {"Ks_Xyl_X": 8.687013200590863, "kP": 0.5686770018239551, "kX": 5.708108460043929}, "datetime": {"datetime": "2024-10-29 13:08:40", "elapsed": 16152.152008, "delta": 171.377767}}
{"target": -57.23165529148807, "params": {"Ks_Xyl_X": 8.754600870714022, "kP": 0.2990402263223102, "kX": 5.793088385843514}, "datetime": {"datetime": "2024-10-29 13:11:29", "elapsed": 16321.173473, "delta": 169.021465}}
{"target": -57.19376752560422, "params": {"Ks_Xyl_X": 8.561686688023388, "kP": 0.07443009004255985, "kX": 6.184102328055037}, "datetime": {"datetime": "2024-10-29 13:14:21", "elapsed": 16492.651188, "delta": 171.477715}}
{"target": -57.66535004833287, "params": {"Ks_Xyl_X": 8.787829859457668, "kP": 0.38585567308328295, "kX": 6.110862353953969}, "datetime": {"datetime": "2024-10-29 13:17:13", "elapsed": 16664.577137, "delta": 171.925949}}
{"target": -57.60911758371241, "params": {"Ks_Xyl_X": 8.23708827181472, "kP": 0.28054715575141276, "kX": 6.701853476491978}, "datetime": {"datetime": "2024-10-29 13:20:02", "elapsed": 16833.749904, "delta": 169.172767}}
{"target": -57.722026050745406, "params": {"Ks_Xyl_X": 8.281568668240617, "kP": 0.20714004197617042, "kX": 6.834005681289663}, "datetime": {"datetime": "2024-10-29 13:22:53", "elapsed": 17004.905761, "delta": 171.155857}}
{"target": -57.34780910191408, "params": {"Ks_Xyl_X": 8.602328129087763, "kP": 0.32536982383276625, "kX": 5.9033210960735705}, "datetime": {"datetime": "2024-10-29 13:25:47", "elapsed": 17178.969152, "delta": 174.063391}}
{"target": -57.298910762545766, "params": {"Ks_Xyl_X": 8.32413003700852, "kP": 0.011471352593551698, "kX": 6.5773995810880335}, "datetime": {"datetime": "2024-10-29 13:28:37", "elapsed": 17348.594474, "delta": 169.625322}}
{"target": -57.44568218836827, "params": {"Ks_Xyl_X": 8.162323557967495, "kP": 0.2158072413241252, "kX": 6.683052438555194}, "datetime": {"datetime": "2024-10-29 13:31:29", "elapsed": 17521.144965, "delta": 172.550491}}
{"target": -61.081743728018026, "params": {"Ks_Xyl_X": 9.510578786937335, "kP": 1.4570586606123803, "kX": 7.601244477520618}, "datetime": {"datetime": "2024-10-29 13:34:52", "elapsed": 17724.210793, "delta": 203.065828}}
{"target": -57.388163600185344, "params": {"Ks_Xyl_X": 8.5800007262352, "kP": 0.2779549681798432, "kX": 5.9031361976273935}, "datetime": {"datetime": "2024-10-29 13:37:46", "elapsed": 17898.159123, "delta": 173.94833}}
{"target": -57.52841295155696, "params": {"Ks_Xyl_X": 8.131764640505834, "kP": 0.0013051695928345541, "kX": 6.994609813002861}, "datetime": {"datetime": "2024-10-29 13:40:37", "elapsed": 18068.849065, "delta": 170.689942}}
