{"target": -57.19201517919478, "params": {"Ks_Xyl_X": 8.78139688424823, "kP": 0.006717840157047794, "kX": 6.030298332697386}, "datetime": {"datetime": "2024-10-29 13:43:29", "elapsed": 18240.444484, "delta": 171.595419}}
{"target": -57.35468266591777, "params": {"Ks_Xyl_X": 8.141221825027962, "kP": 0.13418756107924978, "kX": 6.695519218857441}, "datetime": {"datetime": "2024-10-29 13:46:18", "elapsed": 18409.692221, "delta": 169.247737}}
{"target": -57.354823620173555, "params": {"Ks_Xyl_X": 8.459026018308025, "kP": 0.3433740173976898, "kX": 6.183702768578636}, "datetime": {"datetime": "2024-10-29 13:49:09", "elapsed": 18580.339196, "delta": 170.646975}}
{"target": -57.09333422368641, "params": {"Ks_Xyl_X": 8.595158834364524, "kP": 0.06802986356004737, "kX": 5.925586549715302}, "datetime": {"datetime": "2024-10-29 13:52:02", "elapsed": 18753.481316, "delta": 173.14212}}
{"target": -57.29024707884872, "params": {"Ks_Xyl_X": 8.953527825375044, "kP": 0.2062907621633614, "kX": 5.763982160183171}, "datetime": {"datetime": "2024-10-29 13:54:54", "elapsed": 18925.363235, "delta": 171.881919}}
{"target": -57.26375530799928, "params": {"Ks_Xyl_X": 8.762676335997089, "kP": 0.31318362442129266, "kX": 5.777920555565165}, "datetime": {"datetime": "2024-10-29 13:57:45", "elapsed": 19096.721948, "delta": 171.358713}}
{"target": -57.633286300965395, "params": {"Ks_Xyl_X": 8.807883949610574, "kP": 0.4336107355196739, "kX": 6.01514093276715}, "datetime": {"datetime": "2024-10-29 14:00:37", "elapsed": 19268.901419, "delta": 172.179471}}
{"target": -57.09620236673807, "params": {"Ks_Xyl_X": 8.776217010266294, "kP": 0.0003581613062619837, "kX": 5.950168040038988}, "datetime": {"datetime": "2024-10-29 14:03:27", "elapsed": 19438.414373, "delta": 169.512954}}
{"target": -57.61477344070174, "params": {"Ks_Xyl_X": 8.467455715322036, "kP": 0.5968723602810877, "kX": 6.180712886848881}, "datetime": {"datetime": "2024-10-29 14:06:23", "elapsed": 19614.505037, "delta": 176.090664}}
{"target": -57.37574583475481, "params": {"Ks_Xyl_X": 8.479846034329231, "kP": 0.18852389697823213, "kX": 6.3287106991625075}, "datetime": {"datetime": "2024-10-29 14:09:14", "elapsed": 19786.109506, "delta": 171.604469}}
{"target": -57.019508976200285, "params": {"Ks_Xyl_X": 8.61300587217181, "kP": 0.0326305843811836, "kX": 6.0086253741073925}, "datetime": {"datetime": "2024-10-29 14:12:07", "elapsed": 19958.560032, "delta": 172.450526}}
{"target": -57.17720911820073, "params": {"Ks_Xyl_X": 7.908018106080929, "kP": 0.050552889544644986, "kX": 6.837557934606608}, "datetime": {"datetime": "2024-10-29 14:14:58", "elapsed": 20129.457361, "delta": 170.897329}}
{"target": -57.2625696547847, "params": {"Ks_Xyl_X": 7.952609319073706, "kP": 2.925919528006317e-09, "kX": 6.921876888572333}, "datetime": {"datetime": "2024-10-29 14:17:48", "elapsed": 20299.785226, "delta": 170.327865}}
{"target": -234.4784337846694, "params": {"Ks_Xyl_X": 8.808882705553811, "kP": 0.0720122854401406, "kX": 5.897716055918129}, "datetime": {"datetime": "2024-10-29 14:21:12", "elapsed": 20503.51176, "delta": 203.726534}}
{"target": -1007.2881582187379, "params": {"Ks_Xyl_X": 6.391050616531596, "kP": 0.9914003864494192, "kX": 1.434996532568401}, "datetime": {"datetime": "2024-10-29 14:24:05", "elapsed": 20676.67015, "delta": 173.15839}}
{"target": -58.780342403080105, "params": {"Ks_Xyl_X": 8.0250803313856, "kP": 1.2088153771466248, "kX": 7.137184543505649}, "datetime": {"datetime": "2024-10-29 14:26:57", "elapsed": 20849.061566, "delta": 172.391416}}
{"target": -57.26890723668783, "params": {"Ks_Xyl_X": 7.995705139134871, "kP": 0.06059491265398731, "kX": 6.812159617917535}, "datetime": {"datetime": "2024-10-29 14:29:47", "elapsed": 21018.5992, "delta": 169.537634}}
{"target": -59.018934657917505, "params": {"Ks_Xyl_X": 7.978987246784851, "kP": 1.3580445907947947, "kX": 7.264999599037023}, "datetime": {"datetime": "2024-10-29 14:32:38", "elapsed": 21189.899316, "delta": 171.300116}}
{"target": -59.10772196536078, "params": {"Ks_Xyl_X": 7.6218425355871835, "kP": 1.978465255315982, "kX": 7.114938160299068}, "datetime": {"datetime": "2024-10-29 14:35:31", "elapsed": 21362.993117, "delta": 173.093801}}
{"target": -58.80313459542584, "params": {"Ks_Xyl_X": 8.148308246836859, "kP": 1.1941631143926879, "kX": 7.050027149120142}, "datetime": {"datetime": "2024-10-29 14:38:24", "elapsed": 21536.050823, "delta": 173.057706}}
{"target": -59.514685249332715, "params": {"Ks_Xyl_X": 7.348853707800359, "kP": 2.474424389192688, "kX": 7.299595637382267}, "datetime": {"datetime": "2024-10-29 14:41:16", "elapsed": 21708.096575, "delta": 172.045752}}
{"target": -3031.0063580726505, "params": {"Ks_Xyl_X": 2.949532830524361, "kP": 0.08505666488043073, "kX": 1.5575514433830562}, "datetime": {"datetime": "2024-10-29 14:44:11", "elapsed": 21882.484386, "delta": 174.387811}}
{"target": -57.4136729722848, "params": {"Ks_Xyl_X": 8.748221775599058, "kP": 0.28954821709339384, "kX": 6.003671092282318}, "datetime": {"datetime": "2024-10-29 14:46:59", "elapsed": 22050.400722, "delta": 167.916336}}
{"target": -286.9341818024057, "params": {"Ks_Xyl_X": 0.5629767559324661, "kP": 6.73346534646404, "kX": 8.679036019154516}, "datetime": {"datetime": "2024-10-29 14:49:50", "elapsed": 22221.781936, "delta": 171.381214}}
{"target": -58.49867419627671, "params": {"Ks_Xyl_X": 8.077950093937616, "kP": 1.114048863492162, "kX": 6.9068740608496135}, "datetime": {"datetime": "2024-10-29 14:53:30", "elapsed": 22441.542083, "delta": 219.760147}}
{"target": -58.86442166589284, "params": {"Ks_Xyl_X": 8.197601365621628, "kP": 1.910462159308809, "kX": 6.380949426791858}, "datetime": {"datetime": "2024-10-29 14:56:20", "elapsed": 22612.00412, "delta": 170.462037}}
{"target": -59.739334449918125, "params": {"Ks_Xyl_X": 7.411099950774136, "kP": 2.515409546876568, "kX": 7.412312514341863}, "datetime": {"datetime": "2024-10-29 14:59:25", "elapsed": 22797.133651, "delta": 185.129531}}
{"target": -58.50175443107869, "params": {"Ks_Xyl_X": 8.52828248572131, "kP": 0.986200919220237, "kX": 6.5871613368978075}, "datetime": {"datetime": "2024-10-29 15:02:23", "elapsed": 22975.053027, "delta": 177.919376}}
{"target": -57.28365136138034, "params": {"Ks_Xyl_X": 8.84521627811388, "kP": 0.32229944345529393, "kX": 5.754589429309398}, "datetime": {"datetime": "2024-10-29 15:05:15", "elapsed": 23147.102557, "delta": 172.04953}}
{"target": -57.91285988081998, "params": {"Ks_Xyl_X": 8.513576288071219, "kP": 0.7242073025790186, "kX": 6.2953538397418125}, "datetime": {"datetime": "2024-10-29 15:08:06", "elapsed": 23317.687167, "delta": 170.58461}}
{"target": -84.7395321845001, "params": {"Ks_Xyl_X": 6.453368049400212, "kP": 2.045793968415184, "kX": 6.5852736477115235}, "datetime": {"datetime": "2024-10-29 15:10:59", "elapsed": 23490.303488, "delta": 172.616321}}
{"target": -57.483699394240986, "params": {"Ks_Xyl_X": 8.971087197269874, "kP": 0.3117228730492261, "kX": 5.828741164608376}, "datetime": {"datetime": "2024-10-29 15:13:51", "elapsed": 23662.693178, "delta": 172.38969}}
{"target": -4290.316571505595, "params": {"Ks_Xyl_X": 1.7613167683543207, "kP": 1.9565271293415964, "kX": 1.3830540577786343}, "datetime": {"datetime": "2024-10-29 15:16:43", "elapsed": 23834.553127, "delta": 171.859949}}
{"target": -439.7157023261623, "params": {"Ks_Xyl_X": 9.042041666081209, "kP": 0.5370479321801069, "kX": 1.338806396644343}, "datetime": {"datetime": "2024-10-29 15:19:36", "elapsed": 24007.324661, "delta": 172.771534}}
{"target": -57.70899997156852, "params": {"Ks_Xyl_X": 8.280299552295395, "kP": 0.2538077726685939, "kX": 6.776062238445947}, "datetime": {"datetime": "2024-10-29 15:22:41", "elapsed": 24192.584936, "delta": 185.260275}}
{"target": -57.521919790509784, "params": {"Ks_Xyl_X": 8.61189409493424, "kP": 0.31211097609549987, "kX": 5.855433286515106}, "datetime": {"datetime": "2024-10-29 15:25:32", "elapsed": 24363.803038, "delta": 171.218102}}
{"target": -60.59447141357783, "params": {"Ks_Xyl_X": 7.093625201346078, "kP": 2.2149695037341384, "kX": 7.107894849915368}, "datetime": {"datetime": "2024-10-29 15:28:26", "elapsed": 24537.245784, "delta": 173.442746}}
{"target": -57.285232171286864, "params": {"Ks_Xyl_X": 7.96683702039032, "kP": 0.0822310736663523, "kX": 6.850720152528472}, "datetime": {"datetime": "2024-10-29 15:31:20", "elapsed": 24711.546028, "delta": 174.300244}}
{"target": -309.85684016778265, "params": {"Ks_Xyl_X": 5.669803664019834, "kP": 3.0073404415208516, "kX": 4.418918433463967}, "datetime": {"datetime": "2024-10-29 15:34:13", "elapsed": 24884.54565, "delta": 172.999622}}
{"target": -57.68151690430762, "params": {"Ks_Xyl_X": 8.289265076367837, "kP": 0.2579704294759666, "kX": 6.738575228456841}, "datetime": {"datetime": "2024-10-29 15:37:08", "elapsed": 25059.736739, "delta": 175.191089}}
{"target": -57.52354393845471, "params": {"Ks_Xyl_X": 8.234216279314158, "kP": 0.16669418706571099, "kX": 6.731493952884401}, "datetime": {"datetime": "2024-10-29 15:40:01", "elapsed": 25233.237147, "delta": 173.500408}}
{"target": -58.156209408670875, "params": {"Ks_Xyl_X": 8.661527522733198, "kP": 0.563714769963285, "kX": 5.738410484148772}, "datetime": {"datetime": "2024-10-29 15:42:59", "elapsed": 25411.17012, "delta": 177.932973}}
{"target": -58.87521315131527, "params": {"Ks_Xyl_X": 8.134772469299191, "kP": 1.017549273344741, "kX": 7.2985284777319706}, "datetime": {"datetime": "2024-10-29 15:45:52", "elapsed": 25584.231918, "delta": 173.061798}}
{"target": -57.34270544514483, "params": {"Ks_Xyl_X": 8.240991762332023, "kP": 0.11816863300574076, "kX": 6.600634528303953}, "datetime": {"datetime": "2024-10-29 15:48:44", "elapsed": 25755.29981, "delta": 171.067892}}
{"target": -59.83655875035277, "params": {"Ks_Xyl_X": 7.340088085308096, "kP": 2.727207670417664, "kX": 7.372839491402877}, "datetime": {"datetime": "2024-10-29 15:51:38", "elapsed": 25929.590222, "delta": 174.290412}}
{"target": -1755.9212909348519, "params": {"Ks_Xyl_X": 0.4047661212325693, "kP": 5.327421084405506, "kX": 4.390168934447834}, "datetime": {"datetime": "2024-10-29 15:54:31", "elapsed": 26102.847764, "delta": 173.257542}}
{"target": -68.44718654607611, "params": {"Ks_Xyl_X": 4.773417973464468, "kP": 9.758596299113883, "kX": 9.095113191813134}, "datetime": {"datetime": "2024-10-29 15:57:26", "elapsed": 26277.871228, "delta": 175.023464}}
{"target": -2337.834767314927, "params": {"Ks_Xyl_X": 2.177099394155888, "kP": 8.718716858838894, "kX": 2.173201206152564}, "datetime": {"datetime": "2024-10-29 16:00:19", "elapsed": 26450.885198, "delta": 173.01397}}
{"target": -60.06850357631658, "params": {"Ks_Xyl_X": 7.321035713019025, "kP": 2.8968808850309067, "kX": 7.449227679725622}, "datetime": {"datetime": "2024-10-29 16:03:15", "elapsed": 26626.931178, "delta": 176.04598}}
{"target": -57.33470642395816, "params": {"Ks_Xyl_X": 8.68768774686414, "kP": 0.3069067300994921, "kX": 5.821326323231166}, "datetime": {"datetime": "2024-10-29 16:06:07", "elapsed": 26798.385288, "delta": 171.45411}}
{"target": -57.206558298320495, "params": {"Ks_Xyl_X": 8.590736078663681, "kP": 0.29094321274625634, "kX": 5.958185767871513}, "datetime": {"datetime": "2024-10-29 16:08:59", "elapsed": 26970.87814, "delta": 172.492852}}
{"target": -58.93117555232013, "params": {"Ks_Xyl_X": 7.8816205623443505, "kP": 1.4643847146198974, "kX": 7.1664506590813195}, "datetime": {"datetime": "2024-10-29 16:12:47", "elapsed": 27198.595781, "delta": 227.717641}}
{"target": -2124.1126906166787, "params": {"Ks_Xyl_X": 4.068301556732599, "kP": 7.340813792738128, "kX": 1.0446378196940609}, "datetime": {"datetime": "2024-10-29 16:15:39", "elapsed": 27371.025732, "delta": 172.429951}}
{"target": -59.51096004691118, "params": {"Ks_Xyl_X": 7.171498455032529, "kP": 2.6227163980973422, "kX": 7.330903010644889}, "datetime": {"datetime": "2024-10-29 16:18:33", "elapsed": 27545.00143, "delta": 173.975698}}
{"target": -59.539354067953084, "params": {"Ks_Xyl_X": 7.225793741160348, "kP": 2.550450420104367, "kX": 7.372112070331837}, "datetime": {"datetime": "2024-10-29 16:21:27", "elapsed": 27719.240041, "delta": 174.238611}}
{"target": -57.20548866483, "params": {"Ks_Xyl_X": 8.466817805943162, "kP": 0.17099180045439866, "kX": 6.198168317309768}, "datetime": {"datetime": "2024-10-29 16:24:19", "elapsed": 27891.196373, "delta": 171.956332}}
{"target": -326.20856743647875, "params": {"Ks_Xyl_X": 4.09491965378224, "kP": 8.47421617952696, "kX": 5.343178841295778}, "datetime": {"datetime": "2024-10-29 16:27:12", "elapsed": 28064.226182, "delta": 173.029809}}
{"target": -58.53510630771066, "params": {"Ks_Xyl_X": 8.395473332056117, "kP": 1.3917590377453926, "kX": 6.366371695905729}, "datetime": {"datetime": "2024-10-29 16:30:05", "elapsed": 28236.626964, "delta": 172.400782}}
{"target": -58.40772561740892, "params": {"Ks_Xyl_X": 5.291072700809016, "kP": 1.414879133324014, "kX": 9.291535049540451}, "datetime": {"datetime": "2024-10-29 16:32:59", "elapsed": 28410.609553, "delta": 173.982589}}
{"target": -58.59125324612523, "params": {"Ks_Xyl_X": 7.918053077559813, "kP": 1.1844158892481593, "kX": 7.087186290469015}, "datetime": {"datetime": "2024-10-29 16:35:50", "elapsed": 28581.656743, "delta": 171.04719}}
{"target": -799.8530652056761, "params": {"Ks_Xyl_X": 5.836003561291408, "kP": 5.381253713258558, "kX": 2.1083661059269723}, "datetime": {"datetime": "2024-10-29 16:38:51", "elapsed": 28762.42372, "delta": 180.766977}}
{"target": -58.0626887643789, "params": {"Ks_Xyl_X": 8.503596441379756, "kP": 0.6653312017375046, "kX": 6.501387585401103}, "datetime": {"datetime": "2024-10-29 16:41:43", "elapsed": 28934.748191, "delta": 172.324471}}
{"target": -57.24469417429405, "params": {"Ks_Xyl_X": 8.437743505518704, "kP": 0.17427983329530217, "kX": 6.260564188791761}, "datetime": {"datetime": "2024-10-29 16:44:42", "elapsed": 29113.550005, "delta": 178.801814}}
{"target": -59.142336326238386, "params": {"Ks_Xyl_X": 7.681333180743566, "kP": 1.863142265661456, "kX": 7.1980323499897185}, "datetime": {"datetime": "2024-10-29 16:47:35", "elapsed": 29286.89159, "delta": 173.341585}}
{"target": -57.269455952947865, "params": {"Ks_Xyl_X": 8.709393004337414, "kP": 0.15649699896825298, "kX": 6.032356837965548}, "datetime": {"datetime": "2024-10-29 16:50:30", "elapsed": 29461.611225, "delta": 174.719635}}
{"target": -58.49191062028196, "params": {"Ks_Xyl_X": 8.418111023835003, "kP": 1.064971545366995, "kX": 6.612374123508792}, "datetime": {"datetime": "2024-10-29 16:53:26", "elapsed": 29637.281111, "delta": 175.669886}}
{"target": -59.09496494153016, "params": {"Ks_Xyl_X": 7.731208402423846, "kP": 1.8591644122283535, "kX": 7.108405934748569}, "datetime": {"datetime": "2024-10-29 16:56:20", "elapsed": 29811.332316, "delta": 174.051205}}
{"target": -57.22534447783187, "params": {"Ks_Xyl_X": 8.599450489214814, "kP": 0.040575750697730006, "kX": 6.207643126641965}, "datetime": {"datetime": "2024-10-29 16:59:10", "elapsed": 29982.056303, "delta": 170.723987}}
{"target": -197.18026554330373, "params": {"Ks_Xyl_X": 9.391808453624638, "kP": 1.7655097754833127, "kX": 2.3736353461336615}, "datetime": {"datetime": "2024-10-29 17:02:05", "elapsed": 30157.16848, "delta": 175.112177}}
{"target": -773.5700621797757, "params": {"Ks_Xyl_X": 4.583340075513621, "kP": 8.210330987143294, "kX": 2.987163660337816}, "datetime": {"datetime": "2024-10-29 17:05:00", "elapsed": 30331.803122, "delta": 174.634642}}
{"target": -76.35198106063352, "params": {"Ks_Xyl_X": 4.287347339053806, "kP": 7.418811706434656, "kX": 8.92480478058384}, "datetime": {"datetime": "2024-10-29 17:07:54", "elapsed": 30506.239165, "delta": 174.436043}}
{"target": -58.50406292793612, "params": {"Ks_Xyl_X": 8.45344579297301, "kP": 1.312943759170656, "kX": 6.354599719818727}, "datetime": {"datetime": "2024-10-29 17:10:50", "elapsed": 30681.851134, "delta": 175.611969}}
{"target": -57.687352250601634, "params": {"Ks_Xyl_X": 8.513396235711557, "kP": 0.6033990131168665, "kX": 6.1975146479444145}, "datetime": {"datetime": "2024-10-29 17:13:44", "elapsed": 30855.888083, "delta": 174.036949}}
{"target": -57.09472717179857, "params": {"Ks_Xyl_X": 8.658878621217475, "kP": 0.09064374573906742, "kX": 5.979870046171875}, "datetime": {"datetime": "2024-10-29 17:16:38", "elapsed": 31029.47828, "delta": 173.590197}}
{"target": -57.32319610557879, "params": {"Ks_Xyl_X": 8.56656213799218, "kP": 0.08256793311252841, "kX": 6.294497470713707}, "datetime": {"datetime": "2024-10-29 17:19:29", "elapsed": 31201.04601, "delta": 171.56773}}
{"target": -59.03789047274221, "params": {"Ks_Xyl_X": 7.5622072720644695, "kP": 1.8720888622320753, "kX": 7.208862782641964}, "datetime": {"datetime": "2024-10-29 17:22:28", "elapsed": 31380.013339, "delta": 178.967329}}
{"target": -57.882223019217754, "params": {"Ks_Xyl_X": 8.472003424129436, "kP": 0.6508151227321013, "kX": 6.377309386851121}, "datetime": {"datetime": "2024-10-29 17:25:22", "elapsed": 31554.028419, "delta": 174.01508}}
{"target": -57.29761379193093, "params": {"Ks_Xyl_X": 8.688314701316136, "kP": 0.28362119347165704, "kX": 5.958887933141829}, "datetime": {"datetime": "2024-10-29 17:28:20", "elapsed": 31731.635175, "delta": 177.606756}}
{"target": -58.611998457526035, "params": {"Ks_Xyl_X": 7.901275446022757, "kP": 1.1658284878818659, "kX": 7.141177771878361}, "datetime": {"datetime": "2024-10-29 17:31:16", "elapsed": 31908.004264, "delta": 176.369089}}
{"target": -333.48976938414484, "params": {"Ks_Xyl_X": 7.161326681328756, "kP": 4.007010031420213, "kX": 3.0094162710835293}, "datetime": {"datetime": "2024-10-29 17:34:11", "elapsed": 32083.001165, "delta": 174.996901}}
{"target": -57.28877893528403, "params": {"Ks_Xyl_X": 8.894093946995005, "kP": 0.24889166114705707, "kX": 5.7648311578803995}, "datetime": {"datetime": "2024-10-29 17:37:06", "elapsed": 32257.495768, "delta": 174.494603}}
{"target": -839.4438092986749, "params": {"Ks_Xyl_X": 6.987777730357664, "kP": 3.0698650114110593, "kX": 1.3068767630247557}, "datetime": {"datetime": "2024-10-29 17:39:59", "elapsed": 32431.145444, "delta": 173.649676}}
{"target": -963.7245944148129, "params": {"Ks_Xyl_X": 4.99192322529455, "kP": 2.177534195988983, "kX": 2.536380464862853}, "datetime": {"datetime": "2024-10-29 17:42:54", "elapsed": 32605.542234, "delta": 174.39679}}
{"target": -59.61010362987582, "params": {"Ks_Xyl_X": 7.304577249498645, "kP": 2.4787383654688444, "kX": 7.42981696036059}, "datetime": {"datetime": "2024-10-29 17:45:46", "elapsed": 32777.661109, "delta": 172.118875}}
{"target": -249.18658723325785, "params": {"Ks_Xyl_X": 2.5663494268970766, "kP": 6.919386065760078, "kX": 7.355671237689738}, "datetime": {"datetime": "2024-10-29 17:48:42", "elapsed": 32953.879595, "delta": 176.218486}}
{"target": -431.9867326293633, "params": {"Ks_Xyl_X": 2.3431045267044412, "kP": 2.3433293882777417, "kX": 6.432346620788661}, "datetime": {"datetime": "2024-10-29 17:51:38", "elapsed": 33129.49475, "delta": 175.615155}}
{"target": -60.006171389885964, "params": {"Ks_Xyl_X": 7.393608112903861, "kP": 2.7476832990638878, "kX": 7.459906995782729}, "datetime": {"datetime": "2024-10-29 17:54:31", "elapsed": 33302.754732, "delta": 173.259982}}
{"target": -411.6936624279105, "params": {"Ks_Xyl_X": 5.926925274189406, "kP": 8.269162969727601, "kX": 3.3334928045790924}, "datetime": {"datetime": "2024-10-29 17:57:27", "elapsed": 33479.210276, "delta": 176.455544}}
{"target": -58.48275207939014, "params": {"Ks_Xyl_X": 8.381355454411851, "kP": 1.3063247918380494, "kX": 6.412061070179878}, "datetime": {"datetime": "2024-10-29 18:00:23", "elapsed": 33654.601722, "delta": 175.391446}}
{"target": -58.57022333722509, "params": {"Ks_Xyl_X": 8.304149716436243, "kP": 1.5950922346904064, "kX": 6.2975657668107345}, "datetime": {"datetime": "2024-10-29 18:03:16", "elapsed": 33827.343966, "delta": 172.742244}}
{"target": -59.04764061687592, "params": {"Ks_Xyl_X": 7.866640207587906, "kP": 1.5126343359301886, "kX": 7.257781628778234}, "datetime": {"datetime": "2024-10-29 18:06:10", "elapsed": 34001.784414, "delta": 174.440448}}
{"target": -65.42259767884144, "params": {"Ks_Xyl_X": 4.867041279526783, "kP": 8.334467779149982, "kX": 9.77699727274853}, "datetime": {"datetime": "2024-10-29 18:09:07", "elapsed": 34179.177285, "delta": 177.392871}}
{"target": -89.89969183597441, "params": {"Ks_Xyl_X": 8.485418238756651, "kP": 1.4763274291691297, "kX": 4.7508659247255185}, "datetime": {"datetime": "2024-10-29 18:12:03", "elapsed": 34354.422067, "delta": 175.244782}}
{"target": -57.17138027462826, "params": {"Ks_Xyl_X": 8.54363922950355, "kP": 0.027634919793957415, "kX": 6.225137454368834}, "datetime": {"datetime": "2024-10-29 18:14:55", "elapsed": 34526.309681, "delta": 171.887614}}
{"target": -57.343070594011294, "params": {"Ks_Xyl_X": 8.759588229313133, "kP": 0.3072954575197506, "kX": 5.909908130280078}, "datetime": {"datetime": "2024-10-29 18:17:50", "elapsed": 34701.609319, "delta": 175.299638}}
{"target": -57.467097150900116, "params": {"Ks_Xyl_X": 8.64065037236482, "kP": 0.3523448555245834, "kX": 5.841344854239835}, "datetime": {"datetime": "2024-10-29 18:20:46", "elapsed": 34877.56603, "delta": 175.956711}}
{"target": -58.30392201885407, "params": {"Ks_Xyl_X": 8.374009575268214, "kP": 1.3508306163388262, "kX": 6.208859860257228}, "datetime": {"datetime": "2024-10-29 18:23:41", "elapsed": 35052.349661, "delta": 174.783631}}
{"target": -58.62074160020098, "params": {"Ks_Xyl_X": 8.50693642874663, "kP": 1.2606884479998581, "kX": 6.461188507057615}, "datetime": {"datetime": "2024-10-29 18:26:36", "elapsed": 35227.708566, "delta": 175.358905}}
{"target": -57.273212544662684, "params": {"Ks_Xyl_X": 8.996035103603775, "kP": 0.25240870282083994, "kX": 5.661557064004161}, "datetime": {"datetime": "2024-10-29 18:29:36", "elapsed": 35407.318661, "delta": 179.610095}}
